#! /c/Source/iverilog-install/bin/vvp
:ivl_version "12.0 (devel)" "(s20150603-1539-g2693dd32b)";
:ivl_delay_selection "TYPICAL";
:vpi_time_precision + 0;
:vpi_module "C:\iverilog\lib\ivl\system.vpi";
:vpi_module "C:\iverilog\lib\ivl\vhdl_sys.vpi";
:vpi_module "C:\iverilog\lib\ivl\vhdl_textio.vpi";
:vpi_module "C:\iverilog\lib\ivl\v2005_math.vpi";
:vpi_module "C:\iverilog\lib\ivl\va_math.vpi";
S_000001febb9465a0 .scope module, "traffic_light_controller" "traffic_light_controller" 2 1;
 .timescale 0 0;
    .port_info 0 /INPUT 1 "CAR";
    .port_info 1 /INPUT 1 "TIMEOUT";
    .port_info 2 /INPUT 1 "clk";
    .port_info 3 /OUTPUT 1 "GRN";
    .port_info 4 /OUTPUT 1 "YLW";
    .port_info 5 /OUTPUT 1 "RED";
P_000001febb946730 .param/l "GREENSTATE" 0 2 3, C4<00>;
P_000001febb946768 .param/l "REDSTATE" 0 2 5, C4<10>;
P_000001febb9467a0 .param/l "YELLOWSTATE" 0 2 4, C4<01>;
o000001febb81afb8 .functor BUFZ 1, C4<z>; HiZ drive
v000001febb946ad0_0 .net "CAR", 0 0, o000001febb81afb8;  0 drivers
v000001febb946cf0_0 .var "GRN", 0 0;
v000001febb9467e0_0 .var "RED", 0 0;
o000001febb81b048 .functor BUFZ 1, C4<z>; HiZ drive
v000001febb94bdd0_0 .net "TIMEOUT", 0 0, o000001febb81b048;  0 drivers
v000001febb94be70_0 .var "YLW", 0 0;
o000001febb81b0a8 .functor BUFZ 1, C4<z>; HiZ drive
v000001febb94bf10_0 .net "clk", 0 0, o000001febb81b0a8;  0 drivers
v000001febb813f10_0 .var "next_state", 1 0;
v000001febb813fb0_0 .var "state", 1 0;
E_000001febb94a9b0 .event anyedge, v000001febb813fb0_0;
E_000001febb94a330 .event anyedge, v000001febb813fb0_0, v000001febb946ad0_0, v000001febb94bdd0_0;
E_000001febb94aff0 .event posedge, v000001febb94bf10_0;
    .scope S_000001febb9465a0;
T_0 ;
    %wait E_000001febb94aff0;
    %load/vec4 v000001febb813f10_0;
    %assign/vec4 v000001febb813fb0_0, 0;
    %jmp T_0;
    .thread T_0;
    .scope S_000001febb9465a0;
T_1 ;
    %wait E_000001febb94a330;
    %load/vec4 v000001febb813fb0_0;
    %dup/vec4;
    %pushi/vec4 0, 0, 2;
    %cmp/u;
    %jmp/1 T_1.0, 6;
    %dup/vec4;
    %pushi/vec4 1, 0, 2;
    %cmp/u;
    %jmp/1 T_1.1, 6;
    %dup/vec4;
    %pushi/vec4 2, 0, 2;
    %cmp/u;
    %jmp/1 T_1.2, 6;
    %pushi/vec4 0, 0, 2;
    %store/vec4 v000001febb813f10_0, 0, 2;
    %jmp T_1.4;
T_1.0 ;
    %load/vec4 v000001febb946ad0_0;
    %flag_set/vec4 8;
    %jmp/0xz  T_1.5, 8;
    %pushi/vec4 1, 0, 2;
    %store/vec4 v000001febb813f10_0, 0, 2;
    %jmp T_1.6;
T_1.5 ;
    %pushi/vec4 0, 0, 2;
    %store/vec4 v000001febb813f10_0, 0, 2;
T_1.6 ;
    %jmp T_1.4;
T_1.1 ;
    %pushi/vec4 2, 0, 2;
    %store/vec4 v000001febb813f10_0, 0, 2;
    %jmp T_1.4;
T_1.2 ;
    %load/vec4 v000001febb94bdd0_0;
    %flag_set/vec4 8;
    %jmp/0xz  T_1.7, 8;
    %pushi/vec4 0, 0, 2;
    %store/vec4 v000001febb813f10_0, 0, 2;
    %jmp T_1.8;
T_1.7 ;
    %pushi/vec4 2, 0, 2;
    %store/vec4 v000001febb813f10_0, 0, 2;
T_1.8 ;
    %jmp T_1.4;
T_1.4 ;
    %pop/vec4 1;
    %jmp T_1;
    .thread T_1, $push;
    .scope S_000001febb9465a0;
T_2 ;
    %wait E_000001febb94a9b0;
    %load/vec4 v000001febb813fb0_0;
    %dup/vec4;
    %pushi/vec4 0, 0, 2;
    %cmp/u;
    %jmp/1 T_2.0, 6;
    %dup/vec4;
    %pushi/vec4 1, 0, 2;
    %cmp/u;
    %jmp/1 T_2.1, 6;
    %dup/vec4;
    %pushi/vec4 2, 0, 2;
    %cmp/u;
    %jmp/1 T_2.2, 6;
    %pushi/vec4 0, 0, 1;
    %store/vec4 v000001febb946cf0_0, 0, 1;
    %pushi/vec4 0, 0, 1;
    %store/vec4 v000001febb94be70_0, 0, 1;
    %pushi/vec4 0, 0, 1;
    %store/vec4 v000001febb9467e0_0, 0, 1;
    %jmp T_2.4;
T_2.0 ;
    %pushi/vec4 1, 0, 1;
    %store/vec4 v000001febb946cf0_0, 0, 1;
    %pushi/vec4 0, 0, 1;
    %store/vec4 v000001febb94be70_0, 0, 1;
    %pushi/vec4 0, 0, 1;
    %store/vec4 v000001febb9467e0_0, 0, 1;
    %jmp T_2.4;
T_2.1 ;
    %pushi/vec4 0, 0, 1;
    %store/vec4 v000001febb946cf0_0, 0, 1;
    %pushi/vec4 1, 0, 1;
    %store/vec4 v000001febb94be70_0, 0, 1;
    %pushi/vec4 0, 0, 1;
    %store/vec4 v000001febb9467e0_0, 0, 1;
    %jmp T_2.4;
T_2.2 ;
    %pushi/vec4 0, 0, 1;
    %store/vec4 v000001febb946cf0_0, 0, 1;
    %pushi/vec4 0, 0, 1;
    %store/vec4 v000001febb94be70_0, 0, 1;
    %pushi/vec4 1, 0, 1;
    %store/vec4 v000001febb9467e0_0, 0, 1;
    %jmp T_2.4;
T_2.4 ;
    %pop/vec4 1;
    %jmp T_2;
    .thread T_2, $push;
# The file index is used to find the file name in the following table.
:file_names 3;
    "N/A";
    "<interactive>";
    "SEMAFORO.v";
