#! /c/Source/iverilog-install/bin/vvp
:ivl_version "12.0 (devel)" "(s20150603-1539-g2693dd32b)";
:ivl_delay_selection "TYPICAL";
:vpi_time_precision + 0;
:vpi_module "C:\iverilog\lib\ivl\system.vpi";
:vpi_module "C:\iverilog\lib\ivl\vhdl_sys.vpi";
:vpi_module "C:\iverilog\lib\ivl\vhdl_textio.vpi";
:vpi_module "C:\iverilog\lib\ivl\v2005_math.vpi";
:vpi_module "C:\iverilog\lib\ivl\va_math.vpi";
S_000002666c65bdf0 .scope module, "tb_Semaforo" "tb_Semaforo" 2 3;
 .timescale 0 0;
v000002666c656890_0 .var "CAR", 0 0;
v000002666c696430_0 .net "GRN", 0 0, v000002666c696090_0;  1 drivers
v000002666c6964d0_0 .net "RED", 0 0, v000002666c6564d0_0;  1 drivers
v000002666c696570_0 .var "TIMEOUT", 0 0;
v000002666c696610_0 .net "YLW", 0 0, v000002666c656610_0;  1 drivers
v000002666c6966b0_0 .var "clk", 0 0;
S_000002666c695e50 .scope module, "uut" "Semaforo" 2 16, 3 1 0, S_000002666c65bdf0;
 .timescale 0 0;
    .port_info 0 /INPUT 1 "CAR";
    .port_info 1 /INPUT 1 "TIMEOUT";
    .port_info 2 /INPUT 1 "clk";
    .port_info 3 /OUTPUT 1 "GRN";
    .port_info 4 /OUTPUT 1 "YLW";
    .port_info 5 /OUTPUT 1 "RED";
P_000002666c695fe0 .param/l "GREENSTATE" 0 3 5, C4<00>;
P_000002666c696018 .param/l "REDSTATE" 0 3 7, C4<10>;
P_000002666c696050 .param/l "YELLOWSTATE" 0 3 6, C4<01>;
v000002666c656b30_0 .net "CAR", 0 0, v000002666c656890_0;  1 drivers
v000002666c696090_0 .var "GRN", 0 0;
v000002666c6564d0_0 .var "RED", 0 0;
v000002666c656570_0 .net "TIMEOUT", 0 0, v000002666c696570_0;  1 drivers
v000002666c656610_0 .var "YLW", 0 0;
v000002666c6566b0_0 .net "clk", 0 0, v000002666c6966b0_0;  1 drivers
v000002666c656750_0 .var "next_state", 1 0;
v000002666c6567f0_0 .var "state", 1 0;
E_000002666c6acbe0 .event anyedge, v000002666c6567f0_0;
E_000002666c6ace20 .event anyedge, v000002666c6567f0_0, v000002666c656b30_0, v000002666c656570_0;
E_000002666c6ace60 .event posedge, v000002666c6566b0_0;
    .scope S_000002666c695e50;
T_0 ;
    %wait E_000002666c6ace60;
    %load/vec4 v000002666c656750_0;
    %assign/vec4 v000002666c6567f0_0, 0;
    %jmp T_0;
    .thread T_0;
    .scope S_000002666c695e50;
T_1 ;
    %wait E_000002666c6ace20;
    %load/vec4 v000002666c6567f0_0;
    %dup/vec4;
    %pushi/vec4 0, 0, 2;
    %cmp/u;
    %jmp/1 T_1.0, 6;
    %dup/vec4;
    %pushi/vec4 1, 0, 2;
    %cmp/u;
    %jmp/1 T_1.1, 6;
    %dup/vec4;
    %pushi/vec4 2, 0, 2;
    %cmp/u;
    %jmp/1 T_1.2, 6;
    %pushi/vec4 0, 0, 2;
    %store/vec4 v000002666c656750_0, 0, 2;
    %jmp T_1.4;
T_1.0 ;
    %load/vec4 v000002666c656b30_0;
    %flag_set/vec4 8;
    %jmp/0xz  T_1.5, 8;
    %pushi/vec4 1, 0, 2;
    %store/vec4 v000002666c656750_0, 0, 2;
    %jmp T_1.6;
T_1.5 ;
    %pushi/vec4 0, 0, 2;
    %store/vec4 v000002666c656750_0, 0, 2;
T_1.6 ;
    %jmp T_1.4;
T_1.1 ;
    %pushi/vec4 2, 0, 2;
    %store/vec4 v000002666c656750_0, 0, 2;
    %jmp T_1.4;
T_1.2 ;
    %load/vec4 v000002666c656570_0;
    %flag_set/vec4 8;
    %jmp/0xz  T_1.7, 8;
    %pushi/vec4 0, 0, 2;
    %store/vec4 v000002666c656750_0, 0, 2;
    %jmp T_1.8;
T_1.7 ;
    %pushi/vec4 2, 0, 2;
    %store/vec4 v000002666c656750_0, 0, 2;
T_1.8 ;
    %jmp T_1.4;
T_1.4 ;
    %pop/vec4 1;
    %jmp T_1;
    .thread T_1, $push;
    .scope S_000002666c695e50;
T_2 ;
    %wait E_000002666c6acbe0;
    %load/vec4 v000002666c6567f0_0;
    %dup/vec4;
    %pushi/vec4 0, 0, 2;
    %cmp/u;
    %jmp/1 T_2.0, 6;
    %dup/vec4;
    %pushi/vec4 1, 0, 2;
    %cmp/u;
    %jmp/1 T_2.1, 6;
    %dup/vec4;
    %pushi/vec4 2, 0, 2;
    %cmp/u;
    %jmp/1 T_2.2, 6;
    %pushi/vec4 0, 0, 1;
    %store/vec4 v000002666c696090_0, 0, 1;
    %pushi/vec4 0, 0, 1;
    %store/vec4 v000002666c656610_0, 0, 1;
    %pushi/vec4 0, 0, 1;
    %store/vec4 v000002666c6564d0_0, 0, 1;
    %jmp T_2.4;
T_2.0 ;
    %pushi/vec4 1, 0, 1;
    %store/vec4 v000002666c696090_0, 0, 1;
    %pushi/vec4 0, 0, 1;
    %store/vec4 v000002666c656610_0, 0, 1;
    %pushi/vec4 0, 0, 1;
    %store/vec4 v000002666c6564d0_0, 0, 1;
    %jmp T_2.4;
T_2.1 ;
    %pushi/vec4 0, 0, 1;
    %store/vec4 v000002666c696090_0, 0, 1;
    %pushi/vec4 1, 0, 1;
    %store/vec4 v000002666c656610_0, 0, 1;
    %pushi/vec4 0, 0, 1;
    %store/vec4 v000002666c6564d0_0, 0, 1;
    %jmp T_2.4;
T_2.2 ;
    %pushi/vec4 0, 0, 1;
    %store/vec4 v000002666c696090_0, 0, 1;
    %pushi/vec4 0, 0, 1;
    %store/vec4 v000002666c656610_0, 0, 1;
    %pushi/vec4 1, 0, 1;
    %store/vec4 v000002666c6564d0_0, 0, 1;
    %jmp T_2.4;
T_2.4 ;
    %pop/vec4 1;
    %jmp T_2;
    .thread T_2, $push;
    .scope S_000002666c65bdf0;
T_3 ;
    %delay 5, 0;
    %load/vec4 v000002666c6966b0_0;
    %inv;
    %store/vec4 v000002666c6966b0_0, 0, 1;
    %jmp T_3;
    .thread T_3;
    .scope S_000002666c65bdf0;
T_4 ;
    %pushi/vec4 0, 0, 1;
    %store/vec4 v000002666c6966b0_0, 0, 1;
    %pushi/vec4 0, 0, 1;
    %store/vec4 v000002666c656890_0, 0, 1;
    %pushi/vec4 0, 0, 1;
    %store/vec4 v000002666c696570_0, 0, 1;
    %vpi_call 2 35 "$dumpfile", "semaforo.vcd" {0 0 0};
    %vpi_call 2 36 "$dumpvars", 32'sb00000000000000000000000000000000, S_000002666c65bdf0 {0 0 0};
    %vpi_call 2 39 "$display", "Iniciando a simula\303\247\303\243o" {0 0 0};
    %delay 10, 0;
    %vpi_call 2 42 "$display", "Estado inicial: GRN = %b, YLW = %b, RED = %b", v000002666c696430_0, v000002666c696610_0, v000002666c6964d0_0 {0 0 0};
    %pushi/vec4 1, 0, 1;
    %store/vec4 v000002666c656890_0, 0, 1;
    %delay 10, 0;
    %vpi_call 2 47 "$display", "Ap\303\263s CAR ativado: GRN = %b, YLW = %b, RED = %b", v000002666c696430_0, v000002666c696610_0, v000002666c6964d0_0 {0 0 0};
    %pushi/vec4 0, 0, 1;
    %store/vec4 v000002666c656890_0, 0, 1;
    %delay 10, 0;
    %vpi_call 2 52 "$display", "Ap\303\263s transi\303\247\303\243o para VERMELHO: GRN = %b, YLW = %b, RED = %b", v000002666c696430_0, v000002666c696610_0, v000002666c6964d0_0 {0 0 0};
    %delay 10, 0;
    %vpi_call 2 56 "$display", "Sem\303\241foro em VERMELHO: GRN = %b, YLW = %b, RED = %b", v000002666c696430_0, v000002666c696610_0, v000002666c6964d0_0 {0 0 0};
    %pushi/vec4 1, 0, 1;
    %store/vec4 v000002666c696570_0, 0, 1;
    %delay 10, 0;
    %vpi_call 2 61 "$display", "Ap\303\263s TIMEOUT: GRN = %b, YLW = %b, RED = %b", v000002666c696430_0, v000002666c696610_0, v000002666c6964d0_0 {0 0 0};
    %delay 10, 0;
    %vpi_call 2 65 "$display", "Sem\303\241foro em VERDE: GRN = %b, YLW = %b, RED = %b", v000002666c696430_0, v000002666c696610_0, v000002666c6964d0_0 {0 0 0};
    %vpi_call 2 68 "$finish" {0 0 0};
    %end;
    .thread T_4;
# The file index is used to find the file name in the following table.
:file_names 4;
    "N/A";
    "<interactive>";
    "SEMAFORO_tb.v";
    "./SEMAFORO.v";
