#! /c/Source/iverilog-install/bin/vvp
:ivl_version "12.0 (devel)" "(s20150603-1539-g2693dd32b)";
:ivl_delay_selection "TYPICAL";
:vpi_time_precision - 12;
:vpi_module "C:\iverilog\lib\ivl\system.vpi";
:vpi_module "C:\iverilog\lib\ivl\vhdl_sys.vpi";
:vpi_module "C:\iverilog\lib\ivl\vhdl_textio.vpi";
:vpi_module "C:\iverilog\lib\ivl\v2005_math.vpi";
:vpi_module "C:\iverilog\lib\ivl\va_math.vpi";
S_0000022ddb02b8f0 .scope module, "count_tb" "count_tb" 2 4;
 .timescale -9 -12;
v0000022ddb0d0f50_0 .net "CNT1_TB", 7 0, v0000022ddb02ba80_0;  1 drivers
v0000022ddb0d0d70_0 .net "CNT2_TB", 7 0, v0000022ddb0267f0_0;  1 drivers
v0000022ddb0d0370_0 .var "CNT_In_TB", 7 0;
v0000022ddb0d0730_0 .var "EN_TB", 0 0;
v0000022ddb0d07d0_0 .var "clk_TB", 0 0;
v0000022ddb0d0870_0 .var/i "i", 31 0;
v0000022ddb0d0230_0 .var "load_TB", 0 0;
v0000022ddb0d0c30_0 .var "res_TB", 0 0;
S_0000022ddb078030 .scope module, "DUT" "count8fsm" 2 16, 3 3 0, S_0000022ddb02b8f0;
 .timescale -9 -12;
    .port_info 0 /OUTPUT 8 "CNT";
    .port_info 1 /INPUT 1 "clk";
    .port_info 2 /INPUT 1 "res";
    .port_info 3 /INPUT 1 "EN";
    .port_info 4 /INPUT 1 "load";
    .port_info 5 /INPUT 8 "CNT_In";
v0000022ddb02ba80_0 .var "CNT", 7 0;
v0000022ddb026cc0_0 .net "CNT_In", 7 0, v0000022ddb0d0370_0;  1 drivers
v0000022ddb026ee0_0 .net "EN", 0 0, v0000022ddb0d0730_0;  1 drivers
v0000022ddb074590_0 .net "clk", 0 0, v0000022ddb0d07d0_0;  1 drivers
v0000022ddb0781c0_0 .var "estadoatual", 7 0;
v0000022ddb078260_0 .net "load", 0 0, v0000022ddb0d0230_0;  1 drivers
v0000022ddb078300_0 .var "proxestado", 7 0;
v0000022ddb0783a0_0 .net "res", 0 0, v0000022ddb0d0c30_0;  1 drivers
E_0000022ddb029700 .event anyedge, v0000022ddb0781c0_0;
E_0000022ddb028f00/0 .event anyedge, v0000022ddb0783a0_0, v0000022ddb026ee0_0, v0000022ddb078260_0, v0000022ddb026cc0_0;
E_0000022ddb028f00/1 .event anyedge, v0000022ddb0781c0_0;
E_0000022ddb028f00 .event/or E_0000022ddb028f00/0, E_0000022ddb028f00/1;
E_0000022ddb029b40/0 .event negedge, v0000022ddb0783a0_0;
E_0000022ddb029b40/1 .event posedge, v0000022ddb074590_0;
E_0000022ddb029b40 .event/or E_0000022ddb029b40/0, E_0000022ddb029b40/1;
S_0000022ddb0264d0 .scope module, "REF" "count8b" 2 17, 4 3 0, S_0000022ddb02b8f0;
 .timescale -9 -12;
    .port_info 0 /OUTPUT 8 "CNT";
    .port_info 1 /INPUT 1 "clk";
    .port_info 2 /INPUT 1 "res";
    .port_info 3 /INPUT 1 "EN";
    .port_info 4 /INPUT 1 "load";
    .port_info 5 /INPUT 8 "CNT_In";
v0000022ddb0267f0_0 .var "CNT", 7 0;
v0000022ddb026890_0 .net "CNT_In", 7 0, v0000022ddb0d0370_0;  alias, 1 drivers
v0000022ddb0d0000_0 .net "EN", 0 0, v0000022ddb0d0730_0;  alias, 1 drivers
v0000022ddb0d00a0_0 .net "clk", 0 0, v0000022ddb0d07d0_0;  alias, 1 drivers
v0000022ddb0d0140_0 .net "load", 0 0, v0000022ddb0d0230_0;  alias, 1 drivers
v0000022ddb0d02d0_0 .net "res", 0 0, v0000022ddb0d0c30_0;  alias, 1 drivers
S_0000022ddb026660 .scope begin, "COUNTER" "COUNTER" 4 8, 4 8 0, S_0000022ddb0264d0;
 .timescale -9 -12;
    .scope S_0000022ddb078030;
T_0 ;
    %wait E_0000022ddb029b40;
    %load/vec4 v0000022ddb0783a0_0;
    %nor/r;
    %flag_set/vec4 8;
    %jmp/0xz  T_0.0, 8;
    %pushi/vec4 0, 0, 8;
    %assign/vec4 v0000022ddb0781c0_0, 0;
    %jmp T_0.1;
T_0.0 ;
    %load/vec4 v0000022ddb078300_0;
    %assign/vec4 v0000022ddb0781c0_0, 0;
T_0.1 ;
    %jmp T_0;
    .thread T_0;
    .scope S_0000022ddb078030;
T_1 ;
    %wait E_0000022ddb028f00;
    %load/vec4 v0000022ddb0783a0_0;
    %nor/r;
    %flag_set/vec4 8;
    %jmp/0xz  T_1.0, 8;
    %pushi/vec4 0, 0, 8;
    %store/vec4 v0000022ddb078300_0, 0, 8;
    %jmp T_1.1;
T_1.0 ;
    %load/vec4 v0000022ddb026ee0_0;
    %flag_set/vec4 8;
    %jmp/0xz  T_1.2, 8;
    %load/vec4 v0000022ddb078260_0;
    %flag_set/vec4 8;
    %jmp/0xz  T_1.4, 8;
    %load/vec4 v0000022ddb026cc0_0;
    %store/vec4 v0000022ddb078300_0, 0, 8;
    %jmp T_1.5;
T_1.4 ;
    %load/vec4 v0000022ddb0781c0_0;
    %addi 1, 0, 8;
    %store/vec4 v0000022ddb078300_0, 0, 8;
T_1.5 ;
    %jmp T_1.3;
T_1.2 ;
    %load/vec4 v0000022ddb0781c0_0;
    %store/vec4 v0000022ddb078300_0, 0, 8;
T_1.3 ;
T_1.1 ;
    %jmp T_1;
    .thread T_1, $push;
    .scope S_0000022ddb078030;
T_2 ;
    %wait E_0000022ddb029700;
    %load/vec4 v0000022ddb0781c0_0;
    %store/vec4 v0000022ddb02ba80_0, 0, 8;
    %jmp T_2;
    .thread T_2, $push;
    .scope S_0000022ddb0264d0;
T_3 ;
    %wait E_0000022ddb029b40;
    %fork t_1, S_0000022ddb026660;
    %jmp t_0;
    .scope S_0000022ddb026660;
t_1 ;
    %load/vec4 v0000022ddb0d02d0_0;
    %nor/r;
    %flag_set/vec4 8;
    %jmp/0xz  T_3.0, 8;
    %pushi/vec4 0, 0, 8;
    %assign/vec4 v0000022ddb0267f0_0, 0;
    %jmp T_3.1;
T_3.0 ;
    %load/vec4 v0000022ddb0d0000_0;
    %flag_set/vec4 8;
    %jmp/0xz  T_3.2, 8;
    %load/vec4 v0000022ddb0d0140_0;
    %flag_set/vec4 8;
    %jmp/0xz  T_3.4, 8;
    %load/vec4 v0000022ddb026890_0;
    %assign/vec4 v0000022ddb0267f0_0, 0;
    %jmp T_3.5;
T_3.4 ;
    %load/vec4 v0000022ddb0267f0_0;
    %addi 1, 0, 8;
    %assign/vec4 v0000022ddb0267f0_0, 0;
T_3.5 ;
T_3.2 ;
T_3.1 ;
    %end;
    .scope S_0000022ddb0264d0;
t_0 %join;
    %jmp T_3;
    .thread T_3;
    .scope S_0000022ddb02b8f0;
T_4 ;
    %vpi_call 2 22 "$display", "Res EN Load CNT_In   | CNT      - Test" {0 0 0};
    %end;
    .thread T_4;
    .scope S_0000022ddb02b8f0;
T_5 ;
    %pushi/vec4 0, 0, 1;
    %store/vec4 v0000022ddb0d07d0_0, 0, 1;
    %delay 2000, 0;
    %vpi_call 2 32 "$write", "%b   %b   %b   %b | %b", v0000022ddb0d0c30_0, v0000022ddb0d0730_0, v0000022ddb0d0230_0, v0000022ddb0d0370_0, v0000022ddb0d0f50_0 {0 0 0};
    %load/vec4 v0000022ddb0d0f50_0;
    %load/vec4 v0000022ddb0d0d70_0;
    %cmp/e;
    %jmp/0xz  T_5.0, 4;
    %vpi_call 2 33 "$display", " - PASS" {0 0 0};
    %jmp T_5.1;
T_5.0 ;
    %vpi_call 2 33 "$display", " FAIL" {0 0 0};
T_5.1 ;
    %pushi/vec4 0, 0, 32;
    %store/vec4 v0000022ddb0d0870_0, 0, 32;
T_5.2 ;
    %load/vec4 v0000022ddb0d0870_0;
    %cmpi/s 22, 0, 32;
    %jmp/0xz T_5.3, 5;
    %delay 18000, 0;
    %load/vec4 v0000022ddb0d07d0_0;
    %inv;
    %store/vec4 v0000022ddb0d07d0_0, 0, 1;
    %delay 2000, 0;
    %vpi_call 2 39 "$write", "%b   %b   %b   %b | %b", v0000022ddb0d0c30_0, v0000022ddb0d0730_0, v0000022ddb0d0230_0, v0000022ddb0d0370_0, v0000022ddb0d0f50_0 {0 0 0};
    %load/vec4 v0000022ddb0d0f50_0;
    %load/vec4 v0000022ddb0d0d70_0;
    %cmp/e;
    %jmp/0xz  T_5.4, 4;
    %vpi_call 2 40 "$display", " - PASS" {0 0 0};
    %jmp T_5.5;
T_5.4 ;
    %vpi_call 2 40 "$display", " FAIL" {0 0 0};
T_5.5 ;
    %load/vec4 v0000022ddb0d0870_0;
    %addi 1, 0, 32;
    %store/vec4 v0000022ddb0d0870_0, 0, 32;
    %jmp T_5.2;
T_5.3 ;
    %end;
    .thread T_5;
    .scope S_0000022ddb02b8f0;
T_6 ;
    %pushi/vec4 0, 0, 1;
    %store/vec4 v0000022ddb0d0c30_0, 0, 1;
    %pushi/vec4 1, 0, 1;
    %store/vec4 v0000022ddb0d0730_0, 0, 1;
    %pushi/vec4 0, 0, 1;
    %store/vec4 v0000022ddb0d0230_0, 0, 1;
    %pushi/vec4 0, 0, 8;
    %store/vec4 v0000022ddb0d0370_0, 0, 8;
    %delay 4000, 0;
    %pushi/vec4 1, 0, 1;
    %store/vec4 v0000022ddb0d0c30_0, 0, 1;
    %delay 95000, 0;
    %pushi/vec4 1, 0, 1;
    %store/vec4 v0000022ddb0d0230_0, 0, 1;
    %pushi/vec4 17, 0, 8;
    %store/vec4 v0000022ddb0d0370_0, 0, 8;
    %delay 40000, 0;
    %pushi/vec4 0, 0, 1;
    %store/vec4 v0000022ddb0d0230_0, 0, 1;
    %pushi/vec4 0, 0, 8;
    %store/vec4 v0000022ddb0d0370_0, 0, 8;
    %delay 60000, 0;
    %pushi/vec4 0, 0, 1;
    %store/vec4 v0000022ddb0d0730_0, 0, 1;
    %delay 100000, 0;
    %pushi/vec4 1, 0, 1;
    %store/vec4 v0000022ddb0d0730_0, 0, 1;
    %end;
    .thread T_6;
# The file index is used to find the file name in the following table.
:file_names 5;
    "N/A";
    "<interactive>";
    "count_regression.v";
    "./count8fsm.v";
    "./count8b.v";
