#! /c/Source/iverilog-install/bin/vvp
:ivl_version "12.0 (devel)" "(s20150603-1539-g2693dd32b)";
:ivl_delay_selection "TYPICAL";
:vpi_time_precision - 12;
:vpi_module "C:\iverilog\lib\ivl\system.vpi";
:vpi_module "C:\iverilog\lib\ivl\vhdl_sys.vpi";
:vpi_module "C:\iverilog\lib\ivl\vhdl_textio.vpi";
:vpi_module "C:\iverilog\lib\ivl\v2005_math.vpi";
:vpi_module "C:\iverilog\lib\ivl\va_math.vpi";
S_000001a77e8b65a0 .scope module, "count8fsm" "count8fsm" 2 3;
 .timescale -9 -12;
    .port_info 0 /OUTPUT 8 "CNT";
    .port_info 1 /INPUT 1 "clk";
    .port_info 2 /INPUT 1 "res";
    .port_info 3 /INPUT 1 "EN";
    .port_info 4 /INPUT 1 "load";
    .port_info 5 /INPUT 8 "CNT_In";
v000001a77e8b6c80_0 .var "CNT", 7 0;
o000001a77e906fc8 .functor BUFZ 8, C4<zzzzzzzz>; HiZ drive
v000001a77e8b6ea0_0 .net "CNT_In", 7 0, o000001a77e906fc8;  0 drivers
o000001a77e906ff8 .functor BUFZ 1, C4<z>; HiZ drive
v000001a77e8b6730_0 .net "EN", 0 0, o000001a77e906ff8;  0 drivers
o000001a77e907028 .functor BUFZ 1, C4<z>; HiZ drive
v000001a77e8b67d0_0 .net "clk", 0 0, o000001a77e907028;  0 drivers
v000001a77e8b6870_0 .var "estadoatual", 7 0;
o000001a77e907088 .functor BUFZ 1, C4<z>; HiZ drive
v000001a77e901ee0_0 .net "load", 0 0, o000001a77e907088;  0 drivers
v000001a77e901f80_0 .var "proxestado", 7 0;
o000001a77e9070e8 .functor BUFZ 1, C4<z>; HiZ drive
v000001a77e902020_0 .net "res", 0 0, o000001a77e9070e8;  0 drivers
E_000001a77e8bc7d0 .event anyedge, v000001a77e8b6870_0;
E_000001a77e8bc010/0 .event anyedge, v000001a77e902020_0, v000001a77e8b6730_0, v000001a77e901ee0_0, v000001a77e8b6ea0_0;
E_000001a77e8bc010/1 .event anyedge, v000001a77e8b6870_0;
E_000001a77e8bc010 .event/or E_000001a77e8bc010/0, E_000001a77e8bc010/1;
E_000001a77e8bc690/0 .event negedge, v000001a77e902020_0;
E_000001a77e8bc690/1 .event posedge, v000001a77e8b67d0_0;
E_000001a77e8bc690 .event/or E_000001a77e8bc690/0, E_000001a77e8bc690/1;
    .scope S_000001a77e8b65a0;
T_0 ;
    %wait E_000001a77e8bc690;
    %load/vec4 v000001a77e902020_0;
    %nor/r;
    %flag_set/vec4 8;
    %jmp/0xz  T_0.0, 8;
    %pushi/vec4 0, 0, 8;
    %assign/vec4 v000001a77e8b6870_0, 0;
    %jmp T_0.1;
T_0.0 ;
    %load/vec4 v000001a77e901f80_0;
    %assign/vec4 v000001a77e8b6870_0, 0;
T_0.1 ;
    %jmp T_0;
    .thread T_0;
    .scope S_000001a77e8b65a0;
T_1 ;
    %wait E_000001a77e8bc010;
    %load/vec4 v000001a77e902020_0;
    %nor/r;
    %flag_set/vec4 8;
    %jmp/0xz  T_1.0, 8;
    %pushi/vec4 0, 0, 8;
    %store/vec4 v000001a77e901f80_0, 0, 8;
    %jmp T_1.1;
T_1.0 ;
    %load/vec4 v000001a77e8b6730_0;
    %flag_set/vec4 8;
    %jmp/0xz  T_1.2, 8;
    %load/vec4 v000001a77e901ee0_0;
    %flag_set/vec4 8;
    %jmp/0xz  T_1.4, 8;
    %load/vec4 v000001a77e8b6ea0_0;
    %store/vec4 v000001a77e901f80_0, 0, 8;
    %jmp T_1.5;
T_1.4 ;
    %load/vec4 v000001a77e8b6870_0;
    %addi 1, 0, 8;
    %store/vec4 v000001a77e901f80_0, 0, 8;
T_1.5 ;
    %jmp T_1.3;
T_1.2 ;
    %load/vec4 v000001a77e8b6870_0;
    %store/vec4 v000001a77e901f80_0, 0, 8;
T_1.3 ;
T_1.1 ;
    %jmp T_1;
    .thread T_1, $push;
    .scope S_000001a77e8b65a0;
T_2 ;
    %wait E_000001a77e8bc7d0;
    %load/vec4 v000001a77e8b6870_0;
    %store/vec4 v000001a77e8b6c80_0, 0, 8;
    %jmp T_2;
    .thread T_2, $push;
# The file index is used to find the file name in the following table.
:file_names 3;
    "N/A";
    "<interactive>";
    "count8fsm.v";
