#! /c/Source/iverilog-install/bin/vvp
:ivl_version "12.0 (devel)" "(s20150603-1539-g2693dd32b)";
:ivl_delay_selection "TYPICAL";
:vpi_time_precision - 12;
:vpi_module "C:\iverilog\lib\ivl\system.vpi";
:vpi_module "C:\iverilog\lib\ivl\vhdl_sys.vpi";
:vpi_module "C:\iverilog\lib\ivl\vhdl_textio.vpi";
:vpi_module "C:\iverilog\lib\ivl\v2005_math.vpi";
:vpi_module "C:\iverilog\lib\ivl\va_math.vpi";
S_0000022e8df565a0 .scope module, "reg8b" "reg8b" 2 3;
 .timescale -9 -12;
    .port_info 0 /OUTPUT 8 "Reg_Out";
    .port_info 1 /INPUT 1 "clk";
    .port_info 2 /INPUT 1 "res";
    .port_info 3 /INPUT 1 "EN";
    .port_info 4 /INPUT 8 "Reg_In";
o0000022e8dfa6f68 .functor BUFZ 1, C4<z>; HiZ drive
v0000022e8df56c40_0 .net "EN", 0 0, o0000022e8dfa6f68;  0 drivers
o0000022e8dfa6f98 .functor BUFZ 8, C4<zzzzzzzz>; HiZ drive
v0000022e8df56e60_0 .net "Reg_In", 7 0, o0000022e8dfa6f98;  0 drivers
v0000022e8df5e400_0 .var "Reg_Out", 7 0;
o0000022e8dfa6ff8 .functor BUFZ 1, C4<z>; HiZ drive
v0000022e8df5e4a0_0 .net "clk", 0 0, o0000022e8dfa6ff8;  0 drivers
o0000022e8dfa7028 .functor BUFZ 1, C4<z>; HiZ drive
v0000022e8df5e540_0 .net "res", 0 0, o0000022e8dfa7028;  0 drivers
E_0000022e8dfa4ad0/0 .event negedge, v0000022e8df5e540_0;
E_0000022e8dfa4ad0/1 .event posedge, v0000022e8df5e4a0_0;
E_0000022e8dfa4ad0 .event/or E_0000022e8dfa4ad0/0, E_0000022e8dfa4ad0/1;
S_0000022e8df56730 .scope begin, "REGISTER" "REGISTER" 2 8, 2 8 0, S_0000022e8df565a0;
 .timescale -9 -12;
    .scope S_0000022e8df565a0;
T_0 ;
    %wait E_0000022e8dfa4ad0;
    %fork t_1, S_0000022e8df56730;
    %jmp t_0;
    .scope S_0000022e8df56730;
t_1 ;
    %load/vec4 v0000022e8df5e540_0;
    %nor/r;
    %flag_set/vec4 8;
    %jmp/0xz  T_0.0, 8;
    %pushi/vec4 0, 0, 8;
    %assign/vec4 v0000022e8df5e400_0, 0;
    %jmp T_0.1;
T_0.0 ;
    %load/vec4 v0000022e8df56c40_0;
    %flag_set/vec4 8;
    %jmp/0xz  T_0.2, 8;
    %load/vec4 v0000022e8df56e60_0;
    %assign/vec4 v0000022e8df5e400_0, 0;
T_0.2 ;
T_0.1 ;
    %end;
    .scope S_0000022e8df565a0;
t_0 %join;
    %jmp T_0;
    .thread T_0;
# The file index is used to find the file name in the following table.
:file_names 3;
    "N/A";
    "<interactive>";
    "reg8b.v";
